::1 - - [29/Jun/2015:16:31:58 +0800] "GET / HTTP/1.1" 200 4853
::1 - - [29/Jun/2015:16:32:04 +0800] "GET /index.php?img=gifLogo HTTP/1.1" 200 4549
::1 - - [29/Jun/2015:16:32:04 +0800] "GET /index.php?img=pngWrench HTTP/1.1" 200 741
::1 - - [29/Jun/2015:16:32:04 +0800] "GET /index.php?img=pngFolder HTTP/1.1" 200 850
::1 - - [29/Jun/2015:16:32:04 +0800] "GET /index.php?img=pngPlugin HTTP/1.1" 200 548
::1 - - [29/Jun/2015:16:32:04 +0800] "GET /index.php?img=pngFolderGo HTTP/1.1" 200 694
::1 - - [29/Jun/2015:16:32:04 +0800] "GET /index.php?img=favicon HTTP/1.1" 200 1429
::1 - - [29/Jun/2015:16:32:05 +0800] "GET /index.php?img=favicon HTTP/1.1" 200 1429
::1 - - [29/Jun/2015:16:35:43 +0800] "GET / HTTP/1.1" 200 5024
::1 - - [29/Jun/2015:16:35:43 +0800] "GET /index.php?img=favicon HTTP/1.1" 200 1429
::1 - - [29/Jun/2015:16:35:43 +0800] "GET /index.php?img=gifLogo HTTP/1.1" 200 4549
::1 - - [29/Jun/2015:16:35:43 +0800] "GET /index.php?img=pngPlugin HTTP/1.1" 200 548
::1 - - [29/Jun/2015:16:35:43 +0800] "GET /index.php?img=pngWrench HTTP/1.1" 200 741
::1 - - [29/Jun/2015:16:35:43 +0800] "GET /index.php?img=pngFolder HTTP/1.1" 200 850
::1 - - [29/Jun/2015:16:35:43 +0800] "GET /index.php?img=pngFolderGo HTTP/1.1" 200 694
::1 - - [29/Jun/2015:16:35:43 +0800] "GET /index.php?img=favicon HTTP/1.1" 200 1429
::1 - - [29/Jun/2015:16:37:36 +0800] "GET /index.php?img=favicon HTTP/1.1" 200 1429
::1 - - [29/Jun/2015:16:37:36 +0800] "GET /favicon.ico HTTP/1.1" 200 202575
::1 - - [29/Jun/2015:16:37:37 +0800] "GET /index.php?img=favicon HTTP/1.1" 200 1429
::1 - - [29/Jun/2015:16:40:55 +0800] "GET / HTTP/1.1" 200 5064
::1 - - [29/Jun/2015:16:40:55 +0800] "GET /index.php?img=gifLogo HTTP/1.1" 200 4549
::1 - - [29/Jun/2015:16:40:55 +0800] "GET /index.php?img=pngPlugin HTTP/1.1" 200 548
::1 - - [29/Jun/2015:16:40:55 +0800] "GET /index.php?img=favicon HTTP/1.1" 200 1429
::1 - - [29/Jun/2015:16:40:55 +0800] "GET /index.php?img=pngWrench HTTP/1.1" 200 741
::1 - - [29/Jun/2015:16:40:55 +0800] "GET /index.php?img=pngFolder HTTP/1.1" 200 850
::1 - - [29/Jun/2015:16:40:55 +0800] "GET /index.php?img=pngFolderGo HTTP/1.1" 200 694
::1 - - [29/Jun/2015:16:40:56 +0800] "GET /index.php?img=favicon HTTP/1.1" 200 1429
::1 - - [29/Jun/2015:16:43:25 +0800] "GET / HTTP/1.1" 200 5064
::1 - - [29/Jun/2015:16:43:25 +0800] "GET /index.php?img=gifLogo HTTP/1.1" 200 4549
::1 - - [29/Jun/2015:16:43:25 +0800] "GET /index.php?img=favicon HTTP/1.1" 200 1429
::1 - - [29/Jun/2015:16:43:25 +0800] "GET /index.php?img=pngPlugin HTTP/1.1" 200 548
::1 - - [29/Jun/2015:16:43:26 +0800] "GET /index.php?img=pngWrench HTTP/1.1" 200 741
::1 - - [29/Jun/2015:16:43:26 +0800] "GET /index.php?img=pngFolder HTTP/1.1" 200 850
::1 - - [29/Jun/2015:16:43:26 +0800] "GET /index.php?img=pngFolderGo HTTP/1.1" 200 694
::1 - - [29/Jun/2015:16:43:26 +0800] "GET /index.php?img=favicon HTTP/1.1" 200 1429
::1 - - [29/Jun/2015:16:43:29 +0800] "GET /lumen HTTP/1.1" 301 315
::1 - - [29/Jun/2015:16:43:29 +0800] "GET /lumen/ HTTP/1.1" 200 3511
::1 - - [29/Jun/2015:16:43:29 +0800] "GET /icons/blank.gif HTTP/1.1" 403 301
::1 - - [29/Jun/2015:16:43:29 +0800] "GET /icons/back.gif HTTP/1.1" 403 300
::1 - - [29/Jun/2015:16:43:29 +0800] "GET /icons/folder.gif HTTP/1.1" 403 302
::1 - - [29/Jun/2015:16:43:29 +0800] "GET /icons/unknown.gif HTTP/1.1" 403 303
::1 - - [29/Jun/2015:16:43:29 +0800] "GET /icons/blank.gif HTTP/1.1" 403 301
::1 - - [29/Jun/2015:16:43:29 +0800] "GET /icons/back.gif HTTP/1.1" 403 300
::1 - - [29/Jun/2015:16:43:29 +0800] "GET /icons/folder.gif HTTP/1.1" 403 302
::1 - - [29/Jun/2015:16:43:29 +0800] "GET /icons/unknown.gif HTTP/1.1" 403 303
::1 - - [29/Jun/2015:16:43:31 +0800] "GET /lumen/public/ HTTP/1.1" 404 7009
::1 - - [29/Jun/2015:16:43:54 +0800] "GET /index.php?img=favicon HTTP/1.1" 200 1429
::1 - - [29/Jun/2015:16:43:54 +0800] "GET /index.php?img=favicon HTTP/1.1" 200 1429
::1 - - [29/Jun/2015:16:43:55 +0800] "GET /laravel HTTP/1.1" 301 317
::1 - - [29/Jun/2015:16:43:55 +0800] "GET /laravel/ HTTP/1.1" 200 4371
::1 - - [29/Jun/2015:16:43:56 +0800] "GET /icons/blank.gif HTTP/1.1" 403 301
::1 - - [29/Jun/2015:16:43:56 +0800] "GET /icons/back.gif HTTP/1.1" 403 300
::1 - - [29/Jun/2015:16:43:56 +0800] "GET /icons/folder.gif HTTP/1.1" 403 302
::1 - - [29/Jun/2015:16:43:56 +0800] "GET /icons/unknown.gif HTTP/1.1" 403 303
::1 - - [29/Jun/2015:16:43:56 +0800] "GET /icons/blank.gif HTTP/1.1" 403 301
::1 - - [29/Jun/2015:16:43:56 +0800] "GET /icons/back.gif HTTP/1.1" 403 300
::1 - - [29/Jun/2015:16:43:56 +0800] "GET /icons/folder.gif HTTP/1.1" 403 302
::1 - - [29/Jun/2015:16:43:56 +0800] "GET /icons/unknown.gif HTTP/1.1" 403 303
::1 - - [29/Jun/2015:16:43:56 +0800] "GET /icons/unknown.gif HTTP/1.1" 403 303
::1 - - [29/Jun/2015:16:43:56 +0800] "GET /icons/folder.gif HTTP/1.1" 403 302
::1 - - [29/Jun/2015:16:43:58 +0800] "GET /laravel/public/ HTTP/1.1" 200 836
127.0.0.1 - - [29/Jun/2015:16:45:01 +0800] "GET / HTTP/1.1" 200 5064
127.0.0.1 - - [29/Jun/2015:16:45:01 +0800] "GET /index.php?img=favicon HTTP/1.1" 200 1429
127.0.0.1 - - [29/Jun/2015:16:45:01 +0800] "GET /index.php?img=gifLogo HTTP/1.1" 200 4549
127.0.0.1 - - [29/Jun/2015:16:45:01 +0800] "GET /index.php?img=pngPlugin HTTP/1.1" 200 548
127.0.0.1 - - [29/Jun/2015:16:45:01 +0800] "GET /index.php?img=pngFolder HTTP/1.1" 200 850
127.0.0.1 - - [29/Jun/2015:16:45:01 +0800] "GET /index.php?img=pngWrench HTTP/1.1" 200 741
127.0.0.1 - - [29/Jun/2015:16:45:01 +0800] "GET /index.php?img=pngFolderGo HTTP/1.1" 200 694
127.0.0.1 - - [29/Jun/2015:16:45:02 +0800] "GET /index.php?img=favicon HTTP/1.1" 200 1429
