2015-06-29 16:30:02 3560 [Note] Plugin 'FEDERATED' is disabled.
2015-06-29 16:30:02 3560 [Note] InnoDB: Using atomics to ref count buffer pool pages
2015-06-29 16:30:02 3560 [Note] InnoDB: The InnoDB memory heap is disabled
2015-06-29 16:30:02 3560 [Note] InnoDB: Mutexes and rw_locks use Windows interlocked functions
2015-06-29 16:30:02 3560 [Note] InnoDB: Compressed tables use zlib 1.2.3
2015-06-29 16:30:02 3560 [Note] InnoDB: Not using CPU crc32 instructions
2015-06-29 16:30:02 3560 [Note] InnoDB: Initializing buffer pool, size = 128.0M
2015-06-29 16:30:02 3560 [Note] InnoDB: Completed initialization of buffer pool
2015-06-29 16:30:02 3560 [Note] InnoDB: Highest supported file format is Barracuda.
2015-06-29 16:30:03 3560 [Note] InnoDB: 128 rollback segment(s) are active.
2015-06-29 16:30:03 3560 [Note] InnoDB: Waiting for purge to start
2015-06-29 16:30:03 3560 [Note] InnoDB: 5.6.17 started; log sequence number 1625977
2015-06-29 16:30:03 3560 [Warning] No existing UUID has been found, so we assume that this is the first time that this server has been started. Generating a new UUID: 09f90b5a-1e39-11e5-929a-f46d04bc0b07.
2015-06-29 16:30:03 3560 [Note] Server hostname (bind-address): '*'; port: 3306
2015-06-29 16:30:03 3560 [Note] IPv6 is available.
2015-06-29 16:30:03 3560 [Note]   - '::' resolves to '::';
2015-06-29 16:30:03 3560 [Note] Server socket created on IP: '::'.
2015-06-29 16:30:03 3560 [Note] Event Scheduler: Loaded 0 events
2015-06-29 16:30:03 3560 [Note] wampmysqld64: ready for connections.
Version: '5.6.17'  socket: ''  port: 3306  MySQL Community Server (GPL)
2015-06-29 16:42:35 3560 [Note] wampmysqld64: Normal shutdown

2015-06-29 16:42:35 3560 [Note] Giving 0 client threads a chance to die gracefully
2015-06-29 16:42:35 3560 [Note] Event Scheduler: Purging the queue. 0 events
2015-06-29 16:42:35 3560 [Note] Shutting down slave threads
2015-06-29 16:42:35 3560 [Note] Forcefully disconnecting 0 remaining clients
2015-06-29 16:42:35 3560 [Note] Binlog end
2015-06-29 16:42:36 3560 [Note] Shutting down plugin 'partition'
2015-06-29 16:42:36 3560 [Note] Shutting down plugin 'PERFORMANCE_SCHEMA'
2015-06-29 16:42:36 3560 [Note] Shutting down plugin 'INNODB_SYS_DATAFILES'
2015-06-29 16:42:36 3560 [Note] Shutting down plugin 'INNODB_SYS_TABLESPACES'
2015-06-29 16:42:36 3560 [Note] Shutting down plugin 'INNODB_SYS_FOREIGN_COLS'
2015-06-29 16:42:36 3560 [Note] Shutting down plugin 'INNODB_SYS_FOREIGN'
2015-06-29 16:42:36 3560 [Note] Shutting down plugin 'INNODB_SYS_FIELDS'
2015-06-29 16:42:36 3560 [Note] Shutting down plugin 'INNODB_SYS_COLUMNS'
2015-06-29 16:42:36 3560 [Note] Shutting down plugin 'INNODB_SYS_INDEXES'
2015-06-29 16:42:36 3560 [Note] Shutting down plugin 'INNODB_SYS_TABLESTATS'
2015-06-29 16:42:36 3560 [Note] Shutting down plugin 'INNODB_SYS_TABLES'
2015-06-29 16:42:36 3560 [Note] Shutting down plugin 'INNODB_FT_INDEX_TABLE'
2015-06-29 16:42:36 3560 [Note] Shutting down plugin 'INNODB_FT_INDEX_CACHE'
2015-06-29 16:42:36 3560 [Note] Shutting down plugin 'INNODB_FT_CONFIG'
2015-06-29 16:42:36 3560 [Note] Shutting down plugin 'INNODB_FT_BEING_DELETED'
2015-06-29 16:42:36 3560 [Note] Shutting down plugin 'INNODB_FT_DELETED'
2015-06-29 16:42:36 3560 [Note] Shutting down plugin 'INNODB_FT_DEFAULT_STOPWORD'
2015-06-29 16:42:36 3560 [Note] Shutting down plugin 'INNODB_METRICS'
2015-06-29 16:42:36 3560 [Note] Shutting down plugin 'INNODB_BUFFER_POOL_STATS'
2015-06-29 16:42:36 3560 [Note] Shutting down plugin 'INNODB_BUFFER_PAGE_LRU'
2015-06-29 16:42:36 3560 [Note] Shutting down plugin 'INNODB_BUFFER_PAGE'
2015-06-29 16:42:36 3560 [Note] Shutting down plugin 'INNODB_CMP_PER_INDEX_RESET'
2015-06-29 16:42:36 3560 [Note] Shutting down plugin 'INNODB_CMP_PER_INDEX'
2015-06-29 16:42:36 3560 [Note] Shutting down plugin 'INNODB_CMPMEM_RESET'
2015-06-29 16:42:36 3560 [Note] Shutting down plugin 'INNODB_CMPMEM'
2015-06-29 16:42:36 3560 [Note] Shutting down plugin 'INNODB_CMP_RESET'
2015-06-29 16:42:36 3560 [Note] Shutting down plugin 'INNODB_CMP'
2015-06-29 16:42:36 3560 [Note] Shutting down plugin 'INNODB_LOCK_WAITS'
2015-06-29 16:42:36 3560 [Note] Shutting down plugin 'INNODB_LOCKS'
2015-06-29 16:42:36 3560 [Note] Shutting down plugin 'INNODB_TRX'
2015-06-29 16:42:36 3560 [Note] Shutting down plugin 'InnoDB'
2015-06-29 16:42:36 3560 [Note] InnoDB: FTS optimize thread exiting.
2015-06-29 16:42:36 3560 [Note] InnoDB: Starting shutdown...
2015-06-29 16:42:37 3560 [Note] InnoDB: Shutdown completed; log sequence number 1625987
2015-06-29 16:42:37 3560 [Note] Shutting down plugin 'BLACKHOLE'
2015-06-29 16:42:37 3560 [Note] Shutting down plugin 'ARCHIVE'
2015-06-29 16:42:37 3560 [Note] Shutting down plugin 'MRG_MYISAM'
2015-06-29 16:42:37 3560 [Note] Shutting down plugin 'MyISAM'
2015-06-29 16:42:37 3560 [Note] Shutting down plugin 'MEMORY'
2015-06-29 16:42:37 3560 [Note] Shutting down plugin 'CSV'
2015-06-29 16:42:37 3560 [Note] Shutting down plugin 'sha256_password'
2015-06-29 16:42:37 3560 [Note] Shutting down plugin 'mysql_old_password'
2015-06-29 16:42:37 3560 [Note] Shutting down plugin 'mysql_native_password'
2015-06-29 16:42:37 3560 [Note] Shutting down plugin 'binlog'
2015-06-29 16:42:37 3560 [Note] wampmysqld64: Shutdown complete

2015-06-29 16:42:42 14812 [Note] Plugin 'FEDERATED' is disabled.
2015-06-29 16:42:42 14812 [Note] InnoDB: Using atomics to ref count buffer pool pages
2015-06-29 16:42:42 14812 [Note] InnoDB: The InnoDB memory heap is disabled
2015-06-29 16:42:42 14812 [Note] InnoDB: Mutexes and rw_locks use Windows interlocked functions
2015-06-29 16:42:42 14812 [Note] InnoDB: Compressed tables use zlib 1.2.3
2015-06-29 16:42:42 14812 [Note] InnoDB: Not using CPU crc32 instructions
2015-06-29 16:42:42 14812 [Note] InnoDB: Initializing buffer pool, size = 128.0M
2015-06-29 16:42:42 14812 [Note] InnoDB: Completed initialization of buffer pool
2015-06-29 16:42:42 14812 [Note] InnoDB: Highest supported file format is Barracuda.
2015-06-29 16:42:42 14812 [Note] InnoDB: 128 rollback segment(s) are active.
2015-06-29 16:42:42 14812 [Note] InnoDB: Waiting for purge to start
2015-06-29 16:42:42 14812 [Note] InnoDB: 5.6.17 started; log sequence number 1625987
2015-06-29 16:42:43 14812 [Note] Server hostname (bind-address): '*'; port: 3306
2015-06-29 16:42:43 14812 [Note] IPv6 is available.
2015-06-29 16:42:43 14812 [Note]   - '::' resolves to '::';
2015-06-29 16:42:43 14812 [Note] Server socket created on IP: '::'.
2015-06-29 16:42:43 14812 [Note] Event Scheduler: Loaded 0 events
2015-06-29 16:42:43 14812 [Note] wampmysqld64: ready for connections.
Version: '5.6.17'  socket: ''  port: 3306  MySQL Community Server (GPL)
2015-06-29 16:47:07 14812 [Note] wampmysqld64: Normal shutdown

2015-06-29 16:47:07 14812 [Note] Giving 0 client threads a chance to die gracefully
2015-06-29 16:47:07 14812 [Note] Event Scheduler: Purging the queue. 0 events
2015-06-29 16:47:07 14812 [Note] Shutting down slave threads
2015-06-29 16:47:07 14812 [Note] Forcefully disconnecting 0 remaining clients
2015-06-29 16:47:07 14812 [Note] Binlog end
2015-06-29 16:47:07 14812 [Note] Shutting down plugin 'partition'
2015-06-29 16:47:07 14812 [Note] Shutting down plugin 'PERFORMANCE_SCHEMA'
2015-06-29 16:47:07 14812 [Note] Shutting down plugin 'INNODB_SYS_DATAFILES'
2015-06-29 16:47:07 14812 [Note] Shutting down plugin 'INNODB_SYS_TABLESPACES'
2015-06-29 16:47:07 14812 [Note] Shutting down plugin 'INNODB_SYS_FOREIGN_COLS'
2015-06-29 16:47:07 14812 [Note] Shutting down plugin 'INNODB_SYS_FOREIGN'
2015-06-29 16:47:07 14812 [Note] Shutting down plugin 'INNODB_SYS_FIELDS'
2015-06-29 16:47:07 14812 [Note] Shutting down plugin 'INNODB_SYS_COLUMNS'
2015-06-29 16:47:07 14812 [Note] Shutting down plugin 'INNODB_SYS_INDEXES'
2015-06-29 16:47:07 14812 [Note] Shutting down plugin 'INNODB_SYS_TABLESTATS'
2015-06-29 16:47:07 14812 [Note] Shutting down plugin 'INNODB_SYS_TABLES'
2015-06-29 16:47:07 14812 [Note] Shutting down plugin 'INNODB_FT_INDEX_TABLE'
2015-06-29 16:47:07 14812 [Note] Shutting down plugin 'INNODB_FT_INDEX_CACHE'
2015-06-29 16:47:07 14812 [Note] Shutting down plugin 'INNODB_FT_CONFIG'
2015-06-29 16:47:07 14812 [Note] Shutting down plugin 'INNODB_FT_BEING_DELETED'
2015-06-29 16:47:07 14812 [Note] Shutting down plugin 'INNODB_FT_DELETED'
2015-06-29 16:47:07 14812 [Note] Shutting down plugin 'INNODB_FT_DEFAULT_STOPWORD'
2015-06-29 16:47:07 14812 [Note] Shutting down plugin 'INNODB_METRICS'
2015-06-29 16:47:07 14812 [Note] Shutting down plugin 'INNODB_BUFFER_POOL_STATS'
2015-06-29 16:47:07 14812 [Note] Shutting down plugin 'INNODB_BUFFER_PAGE_LRU'
2015-06-29 16:47:07 14812 [Note] Shutting down plugin 'INNODB_BUFFER_PAGE'
2015-06-29 16:47:07 14812 [Note] Shutting down plugin 'INNODB_CMP_PER_INDEX_RESET'
2015-06-29 16:47:07 14812 [Note] Shutting down plugin 'INNODB_CMP_PER_INDEX'
2015-06-29 16:47:07 14812 [Note] Shutting down plugin 'INNODB_CMPMEM_RESET'
2015-06-29 16:47:07 14812 [Note] Shutting down plugin 'INNODB_CMPMEM'
2015-06-29 16:47:07 14812 [Note] Shutting down plugin 'INNODB_CMP_RESET'
2015-06-29 16:47:07 14812 [Note] Shutting down plugin 'INNODB_CMP'
2015-06-29 16:47:07 14812 [Note] Shutting down plugin 'INNODB_LOCK_WAITS'
2015-06-29 16:47:07 14812 [Note] Shutting down plugin 'INNODB_LOCKS'
2015-06-29 16:47:07 14812 [Note] Shutting down plugin 'INNODB_TRX'
2015-06-29 16:47:07 14812 [Note] Shutting down plugin 'InnoDB'
2015-06-29 16:47:07 14812 [Note] InnoDB: FTS optimize thread exiting.
2015-06-29 16:47:07 14812 [Note] InnoDB: Starting shutdown...
2015-06-29 16:47:07 14812 [Note] InnoDB: Shutdown completed; log sequence number 1625997
2015-06-29 16:47:07 14812 [Note] Shutting down plugin 'BLACKHOLE'
2015-06-29 16:47:07 14812 [Note] Shutting down plugin 'ARCHIVE'
2015-06-29 16:47:07 14812 [Note] Shutting down plugin 'MRG_MYISAM'
2015-06-29 16:47:07 14812 [Note] Shutting down plugin 'MyISAM'
2015-06-29 16:47:07 14812 [Note] Shutting down plugin 'MEMORY'
2015-06-29 16:47:07 14812 [Note] Shutting down plugin 'CSV'
2015-06-29 16:47:07 14812 [Note] Shutting down plugin 'sha256_password'
2015-06-29 16:47:07 14812 [Note] Shutting down plugin 'mysql_old_password'
2015-06-29 16:47:07 14812 [Note] Shutting down plugin 'mysql_native_password'
2015-06-29 16:47:07 14812 [Note] Shutting down plugin 'binlog'
2015-06-29 16:47:07 14812 [Note] wampmysqld64: Shutdown complete

2015-06-29 16:47:11 32548 [Note] Plugin 'FEDERATED' is disabled.
2015-06-29 16:47:11 32548 [Note] InnoDB: Using atomics to ref count buffer pool pages
2015-06-29 16:47:11 32548 [Note] InnoDB: The InnoDB memory heap is disabled
2015-06-29 16:47:11 32548 [Note] InnoDB: Mutexes and rw_locks use Windows interlocked functions
2015-06-29 16:47:11 32548 [Note] InnoDB: Compressed tables use zlib 1.2.3
2015-06-29 16:47:11 32548 [Note] InnoDB: Not using CPU crc32 instructions
2015-06-29 16:47:11 32548 [Note] InnoDB: Initializing buffer pool, size = 128.0M
2015-06-29 16:47:11 32548 [Note] InnoDB: Completed initialization of buffer pool
2015-06-29 16:47:11 32548 [Note] InnoDB: Highest supported file format is Barracuda.
2015-06-29 16:47:11 32548 [Note] InnoDB: 128 rollback segment(s) are active.
2015-06-29 16:47:12 32548 [Note] InnoDB: Waiting for purge to start
2015-06-29 16:47:12 32548 [Note] InnoDB: 5.6.17 started; log sequence number 1625997
2015-06-29 16:47:12 32548 [Note] Server hostname (bind-address): '*'; port: 3306
2015-06-29 16:47:12 32548 [Note] IPv6 is available.
2015-06-29 16:47:12 32548 [Note]   - '::' resolves to '::';
2015-06-29 16:47:12 32548 [Note] Server socket created on IP: '::'.
2015-06-29 16:47:12 32548 [Note] Event Scheduler: Loaded 0 events
2015-06-29 16:47:12 32548 [Note] wampmysqld64: ready for connections.
Version: '5.6.17'  socket: ''  port: 3306  MySQL Community Server (GPL)
